<?xml version="1.0" encoding="UTF-8"?>
<!-- Generated by org.testng.reporters.JUnitReportReporter -->
<testsuite skipped="0" hostname="DESKTOP-H4QHPNU" name="com.Day1.PositiveTest" tests="5" failures="0" timestamp="09 Nov 2021 10:15:43 GMT" time="9.966" errors="0">
  <testcase name="updateContact" time="0.504" classname="com.Day1.PositiveTest"/>
  <testcase name="deleteDetails" time="0.576" classname="com.Day1.PositiveTest"/>
  <testcase name="addContact" time="5.682" classname="com.Day1.PositiveTest"/>
  <testcase name="getAllContacts" time="2.608" classname="com.Day1.PositiveTest"/>
  <testcase name="getContactDetails" time="0.596" classname="com.Day1.PositiveTest"/>
</testsuite> <!-- com.Day1.PositiveTest -->
