<?xml version="1.0" encoding="UTF-8"?>
<!-- Generated by org.testng.reporters.JUnitReportReporter -->
<testsuite skipped="1" hostname="DESKTOP-H4QHPNU" name="com.Day1.githubRepo" tests="2" failures="0" timestamp="09 Nov 2021 12:04:09 GMT" time="6.076" errors="0">
  <testcase name="add" time="6.076" classname="com.Day1.githubRepo"/>
  <testcase name="getAllRepo" classname="com.Day1.githubRepo">
    <skipped/>
  </testcase> <!-- getAllRepo -->
</testsuite> <!-- com.Day1.githubRepo -->
