<?xml version="1.0" encoding="UTF-8"?>
<!-- Generated by org.testng.reporters.JUnitReportReporter -->
<testsuite skipped="0" hostname="DESKTOP-H4QHPNU" name="com.Day1.OpenWeatherAPI" tests="4" failures="0" timestamp="09 Nov 2021 07:01:05 GMT" time="7.788" errors="0">
  <testcase name="getWeatherInfo" time="5.260" classname="com.Day1.OpenWeatherAPI"/>
  <testcase name="getWeatherInfo2" time="0.867" classname="com.Day1.OpenWeatherAPI"/>
  <testcase name="getWeatherInfo4" time="0.832" classname="com.Day1.OpenWeatherAPI"/>
  <testcase name="getWeatherInfo3" time="0.829" classname="com.Day1.OpenWeatherAPI"/>
</testsuite> <!-- com.Day1.OpenWeatherAPI -->
